TN:
SF:D:\Coding\angular-material-todo-fr82e8\src\polyfills.ts
FNF:0
FNH:0
LF:0
LH:0
BRF:0
BRH:0
end_of_record
TN:
SF:D:\Coding\angular-material-todo-fr82e8\src\test.ts
FNF:0
FNH:0
DA:18,1
DA:23,1
DA:25,1
LF:3
LH:3
BRF:0
BRH:0
end_of_record
TN:
SF:D:\Coding\angular-material-todo-fr82e8\src\app\app.component.ts
FN:24,(anonymous_0)
FN:26,(anonymous_1)
FN:30,(anonymous_2)
FN:31,(anonymous_3)
FN:36,(anonymous_4)
FN:45,(anonymous_5)
FN:49,(anonymous_6)
FN:53,(anonymous_7)
FNF:8
FNH:0
FNDA:0,(anonymous_0)
FNDA:0,(anonymous_1)
FNDA:0,(anonymous_2)
FNDA:0,(anonymous_3)
FNDA:0,(anonymous_4)
FNDA:0,(anonymous_5)
FNDA:0,(anonymous_6)
FNDA:0,(anonymous_7)
DA:15,1
DA:24,0
DA:27,0
DA:31,0
DA:32,0
DA:33,0
DA:37,0
DA:42,0
DA:46,0
DA:50,0
DA:54,0
LF:11
LH:1
BRF:0
BRH:0
end_of_record
TN:
SF:D:\Coding\angular-material-todo-fr82e8\src\app\state\todo\index.ts
FN:15,(anonymous_0)
FN:15,(anonymous_1)
FN:16,(anonymous_2)
FN:16,(anonymous_3)
FNF:4
FNH:0
FNDA:0,(anonymous_0)
FNDA:0,(anonymous_1)
FNDA:0,(anonymous_2)
FNDA:0,(anonymous_3)
DA:6,1
DA:13,1
DA:15,1
DA:16,1
LF:4
LH:4
BRF:0
BRH:0
end_of_record
TN:
SF:D:\Coding\angular-material-todo-fr82e8\src\app\state\todo\todo.actions.ts
FN:5,(anonymous_0)
FN:15,(anonymous_1)
FN:18,(anonymous_2)
FN:24,(anonymous_3)
FN:29,(anonymous_4)
FN:34,(anonymous_5)
FNF:6
FNH:1
FNDA:1,(anonymous_0)
FNDA:0,(anonymous_1)
FNDA:0,(anonymous_2)
FNDA:0,(anonymous_3)
FNDA:0,(anonymous_4)
FNDA:0,(anonymous_5)
DA:5,1
DA:6,1
DA:7,1
DA:8,1
DA:9,1
DA:10,1
DA:14,0
DA:15,0
DA:19,0
DA:23,0
DA:24,0
DA:28,0
DA:29,0
DA:33,0
DA:34,0
LF:15
LH:6
BRDA:5,0,0,1
BRDA:5,0,1,1
BRF:2
BRH:2
end_of_record
TN:
SF:D:\Coding\angular-material-todo-fr82e8\src\app\state\todo\todo.model.ts
FN:7,generateToDos
FNF:1
FNH:0
FNDA:0,generateToDos
DA:8,0
LF:1
LH:0
BRF:0
BRH:0
end_of_record
TN:
SF:D:\Coding\angular-material-todo-fr82e8\src\app\state\todo\todo.reducer.ts
FN:12,toDoReducer
FNF:1
FNH:0
FNDA:0,toDoReducer
DA:8,1
DA:10,1
DA:13,0
DA:15,0
DA:18,0
DA:21,0
DA:30,0
DA:39,0
DA:42,0
LF:9
LH:2
BRDA:12,0,0,0
BRDA:14,1,0,0
BRDA:14,1,1,0
BRDA:14,1,2,0
BRDA:14,1,3,0
BRDA:14,1,4,0
BRDA:14,1,5,0
BRF:7
BRH:0
end_of_record
